<?xml version="1.0" encoding="UTF-8"?>
<testng-results ignored="0" total="2" passed="2" failed="0" skipped="0">
  <reporter-output>
  </reporter-output>
  <suite started-at="2021-08-31T15:43:22 IST" name="Suite" finished-at="2021-08-31T15:43:22 IST" duration-ms="63">
    <groups>
    </groups>
    <test started-at="2021-08-31T15:43:22 IST" name="Test" finished-at="2021-08-31T15:43:22 IST" duration-ms="63">
      <class name="mypackage.TestNGClass">
        <test-method is-config="true" signature="test1()[pri:0, instance:mypackage.TestNGClass@66498326]" started-at="2021-08-31T15:43:22 IST" name="test1" finished-at="2021-08-31T15:43:22 IST" duration-ms="9" status="PASS">
          <reporter-output>
          </reporter-output>
        </test-method> <!-- test1 -->
        <test-method signature="test2()[pri:0, instance:mypackage.TestNGClass@66498326]" started-at="2021-08-31T15:43:22 IST" name="test2" finished-at="2021-08-31T15:43:22 IST" duration-ms="6" status="PASS">
          <reporter-output>
          </reporter-output>
        </test-method> <!-- test2 -->
        <test-method signature="test4()[pri:0, instance:mypackage.TestNGClass@66498326]" started-at="2021-08-31T15:43:22 IST" name="test4" finished-at="2021-08-31T15:43:22 IST" duration-ms="1" status="PASS">
          <reporter-output>
          </reporter-output>
        </test-method> <!-- test4 -->
        <test-method is-config="true" signature="test3()[pri:0, instance:mypackage.TestNGClass@66498326]" started-at="2021-08-31T15:43:22 IST" name="test3" finished-at="2021-08-31T15:43:22 IST" duration-ms="0" status="PASS">
          <reporter-output>
          </reporter-output>
        </test-method> <!-- test3 -->
      </class> <!-- mypackage.TestNGClass -->
    </test> <!-- Test -->
  </suite> <!-- Suite -->
</testng-results>
